18-Jul-2022 18:39:31.949 INFO [main] org.apache.catalina.core.ApplicationContext.log ContextListener: contextInitialized()
18-Jul-2022 18:39:31.949 INFO [main] org.apache.catalina.core.ApplicationContext.log SessionListener: contextInitialized()
18-Jul-2022 18:39:31.950 INFO [main] org.apache.catalina.core.ApplicationContext.log ContextListener: attributeAdded('StockTicker', 'async.Stockticker@297ea53a')
18-Jul-2022 18:40:18.892 INFO [main] org.apache.catalina.core.ApplicationContext.log SessionListener: contextDestroyed()
18-Jul-2022 18:40:18.892 INFO [main] org.apache.catalina.core.ApplicationContext.log ContextListener: contextDestroyed()
18-Jul-2022 18:40:19.954 INFO [main] org.apache.catalina.core.ApplicationContext.log ContextListener: contextInitialized()
18-Jul-2022 18:40:19.954 INFO [main] org.apache.catalina.core.ApplicationContext.log SessionListener: contextInitialized()
18-Jul-2022 18:40:19.955 INFO [main] org.apache.catalina.core.ApplicationContext.log ContextListener: attributeAdded('StockTicker', 'async.Stockticker@267f474e')
18-Jul-2022 18:42:26.302 INFO [main] org.apache.catalina.core.ApplicationContext.log SessionListener: contextDestroyed()
18-Jul-2022 18:42:26.302 INFO [main] org.apache.catalina.core.ApplicationContext.log ContextListener: contextDestroyed()
18-Jul-2022 18:42:27.456 INFO [main] org.apache.catalina.core.ApplicationContext.log ContextListener: contextInitialized()
18-Jul-2022 18:42:27.456 INFO [main] org.apache.catalina.core.ApplicationContext.log SessionListener: contextInitialized()
18-Jul-2022 18:42:27.457 INFO [main] org.apache.catalina.core.ApplicationContext.log ContextListener: attributeAdded('StockTicker', 'async.Stockticker@267f474e')
18-Jul-2022 18:42:59.871 INFO [main] org.apache.catalina.core.ApplicationContext.log SessionListener: contextDestroyed()
18-Jul-2022 18:42:59.871 INFO [main] org.apache.catalina.core.ApplicationContext.log ContextListener: contextDestroyed()
18-Jul-2022 18:43:13.229 INFO [main] org.apache.catalina.core.ApplicationContext.log ContextListener: contextInitialized()
18-Jul-2022 18:43:13.229 INFO [main] org.apache.catalina.core.ApplicationContext.log SessionListener: contextInitialized()
18-Jul-2022 18:43:13.231 INFO [main] org.apache.catalina.core.ApplicationContext.log ContextListener: attributeAdded('StockTicker', 'async.Stockticker@acb0951')
18-Jul-2022 18:43:56.530 INFO [main] org.apache.catalina.core.ApplicationContext.log SessionListener: contextDestroyed()
18-Jul-2022 18:43:56.530 INFO [main] org.apache.catalina.core.ApplicationContext.log ContextListener: contextDestroyed()
18-Jul-2022 18:45:07.948 INFO [main] org.apache.catalina.core.ApplicationContext.log ContextListener: contextInitialized()
18-Jul-2022 18:45:07.948 INFO [main] org.apache.catalina.core.ApplicationContext.log SessionListener: contextInitialized()
18-Jul-2022 18:45:07.949 INFO [main] org.apache.catalina.core.ApplicationContext.log ContextListener: attributeAdded('StockTicker', 'async.Stockticker@b40bb6e')
18-Jul-2022 18:49:27.839 INFO [main] org.apache.catalina.core.ApplicationContext.log SessionListener: contextDestroyed()
18-Jul-2022 18:49:27.839 INFO [main] org.apache.catalina.core.ApplicationContext.log ContextListener: contextDestroyed()
18-Jul-2022 18:49:33.629 INFO [main] org.apache.catalina.core.ApplicationContext.log ContextListener: contextInitialized()
18-Jul-2022 18:49:33.629 INFO [main] org.apache.catalina.core.ApplicationContext.log SessionListener: contextInitialized()
18-Jul-2022 18:49:33.630 INFO [main] org.apache.catalina.core.ApplicationContext.log ContextListener: attributeAdded('StockTicker', 'async.Stockticker@ab7a938')
18-Jul-2022 18:50:23.434 INFO [main] org.apache.catalina.core.ApplicationContext.log SessionListener: contextDestroyed()
18-Jul-2022 18:50:23.434 INFO [main] org.apache.catalina.core.ApplicationContext.log ContextListener: contextDestroyed()
18-Jul-2022 18:50:27.332 INFO [main] org.apache.catalina.core.ApplicationContext.log ContextListener: contextInitialized()
18-Jul-2022 18:50:27.332 INFO [main] org.apache.catalina.core.ApplicationContext.log SessionListener: contextInitialized()
18-Jul-2022 18:50:27.333 INFO [main] org.apache.catalina.core.ApplicationContext.log ContextListener: attributeAdded('StockTicker', 'async.Stockticker@5049d8b2')
18-Jul-2022 19:26:08.623 INFO [main] org.apache.catalina.core.ApplicationContext.log SessionListener: contextDestroyed()
18-Jul-2022 19:26:08.623 INFO [main] org.apache.catalina.core.ApplicationContext.log ContextListener: contextDestroyed()
18-Jul-2022 19:26:19.573 INFO [main] org.apache.catalina.core.ApplicationContext.log ContextListener: contextInitialized()
18-Jul-2022 19:26:19.573 INFO [main] org.apache.catalina.core.ApplicationContext.log SessionListener: contextInitialized()
18-Jul-2022 19:26:19.574 INFO [main] org.apache.catalina.core.ApplicationContext.log ContextListener: attributeAdded('StockTicker', 'async.Stockticker@2e029d61')
18-Jul-2022 19:26:33.653 INFO [main] org.apache.catalina.core.ApplicationContext.log SessionListener: contextDestroyed()
18-Jul-2022 19:26:33.653 INFO [main] org.apache.catalina.core.ApplicationContext.log ContextListener: contextDestroyed()
18-Jul-2022 19:26:37.572 INFO [main] org.apache.catalina.core.ApplicationContext.log ContextListener: contextInitialized()
18-Jul-2022 19:26:37.572 INFO [main] org.apache.catalina.core.ApplicationContext.log SessionListener: contextInitialized()
18-Jul-2022 19:26:37.572 INFO [main] org.apache.catalina.core.ApplicationContext.log ContextListener: attributeAdded('StockTicker', 'async.Stockticker@180e6ac4')
18-Jul-2022 19:57:31.470 INFO [main] org.apache.catalina.core.ApplicationContext.log SessionListener: contextDestroyed()
18-Jul-2022 19:57:31.470 INFO [main] org.apache.catalina.core.ApplicationContext.log ContextListener: contextDestroyed()
18-Jul-2022 19:59:40.981 INFO [main] org.apache.catalina.core.ApplicationContext.log ContextListener: contextInitialized()
18-Jul-2022 19:59:40.981 INFO [main] org.apache.catalina.core.ApplicationContext.log SessionListener: contextInitialized()
18-Jul-2022 19:59:40.982 INFO [main] org.apache.catalina.core.ApplicationContext.log ContextListener: attributeAdded('StockTicker', 'async.Stockticker@297ea53a')
18-Jul-2022 20:02:34.037 INFO [main] org.apache.catalina.core.ApplicationContext.log SessionListener: contextDestroyed()
18-Jul-2022 20:02:34.037 INFO [main] org.apache.catalina.core.ApplicationContext.log ContextListener: contextDestroyed()
18-Jul-2022 20:02:34.982 INFO [main] org.apache.catalina.core.ApplicationContext.log ContextListener: contextInitialized()
18-Jul-2022 20:02:34.982 INFO [main] org.apache.catalina.core.ApplicationContext.log SessionListener: contextInitialized()
18-Jul-2022 20:02:34.983 INFO [main] org.apache.catalina.core.ApplicationContext.log ContextListener: attributeAdded('StockTicker', 'async.Stockticker@631e06ab')
18-Jul-2022 20:04:33.979 INFO [Thread-2] org.apache.catalina.core.ApplicationContext.log SessionListener: contextDestroyed()
18-Jul-2022 20:04:33.979 INFO [Thread-2] org.apache.catalina.core.ApplicationContext.log ContextListener: contextDestroyed()
18-Jul-2022 22:00:15.769 INFO [main] org.apache.catalina.core.ApplicationContext.log ContextListener: contextInitialized()
18-Jul-2022 22:00:15.769 INFO [main] org.apache.catalina.core.ApplicationContext.log SessionListener: contextInitialized()
18-Jul-2022 22:00:15.770 INFO [main] org.apache.catalina.core.ApplicationContext.log ContextListener: attributeAdded('StockTicker', 'async.Stockticker@4052274f')
18-Jul-2022 22:02:14.406 INFO [Thread-2] org.apache.catalina.core.ApplicationContext.log SessionListener: contextDestroyed()
18-Jul-2022 22:02:14.406 INFO [Thread-2] org.apache.catalina.core.ApplicationContext.log ContextListener: contextDestroyed()
18-Jul-2022 22:04:05.343 INFO [main] org.apache.catalina.core.ApplicationContext.log ContextListener: contextInitialized()
18-Jul-2022 22:04:05.343 INFO [main] org.apache.catalina.core.ApplicationContext.log SessionListener: contextInitialized()
18-Jul-2022 22:04:05.344 INFO [main] org.apache.catalina.core.ApplicationContext.log ContextListener: attributeAdded('StockTicker', 'async.Stockticker@2e029d61')
18-Jul-2022 22:07:50.988 INFO [main] org.apache.catalina.core.ApplicationContext.log SessionListener: contextDestroyed()
18-Jul-2022 22:07:50.988 INFO [main] org.apache.catalina.core.ApplicationContext.log ContextListener: contextDestroyed()
18-Jul-2022 22:08:09.165 INFO [main] org.apache.catalina.core.ApplicationContext.log ContextListener: contextInitialized()
18-Jul-2022 22:08:09.165 INFO [main] org.apache.catalina.core.ApplicationContext.log SessionListener: contextInitialized()
18-Jul-2022 22:08:09.167 INFO [main] org.apache.catalina.core.ApplicationContext.log ContextListener: attributeAdded('StockTicker', 'async.Stockticker@5bf22f18')
18-Jul-2022 22:17:33.892 INFO [main] org.apache.catalina.core.ApplicationContext.log SessionListener: contextDestroyed()
18-Jul-2022 22:17:33.892 INFO [main] org.apache.catalina.core.ApplicationContext.log ContextListener: contextDestroyed()
18-Jul-2022 22:17:34.979 INFO [main] org.apache.catalina.core.ApplicationContext.log ContextListener: contextInitialized()
18-Jul-2022 22:17:34.980 INFO [main] org.apache.catalina.core.ApplicationContext.log SessionListener: contextInitialized()
18-Jul-2022 22:17:34.980 INFO [main] org.apache.catalina.core.ApplicationContext.log ContextListener: attributeAdded('StockTicker', 'async.Stockticker@631e06ab')
18-Jul-2022 22:25:09.943 INFO [main] org.apache.catalina.core.ApplicationContext.log SessionListener: contextDestroyed()
18-Jul-2022 22:25:09.943 INFO [main] org.apache.catalina.core.ApplicationContext.log ContextListener: contextDestroyed()
18-Jul-2022 22:25:32.832 INFO [main] org.apache.catalina.core.ApplicationContext.log ContextListener: contextInitialized()
18-Jul-2022 22:25:32.832 INFO [main] org.apache.catalina.core.ApplicationContext.log SessionListener: contextInitialized()
18-Jul-2022 22:25:32.833 INFO [main] org.apache.catalina.core.ApplicationContext.log ContextListener: attributeAdded('StockTicker', 'async.Stockticker@226642a5')
18-Jul-2022 22:41:25.450 INFO [main] org.apache.catalina.core.ApplicationContext.log SessionListener: contextDestroyed()
18-Jul-2022 22:41:25.451 INFO [main] org.apache.catalina.core.ApplicationContext.log ContextListener: contextDestroyed()
18-Jul-2022 22:41:26.091 INFO [main] org.apache.catalina.core.ApplicationContext.log ContextListener: contextInitialized()
18-Jul-2022 22:41:26.091 INFO [main] org.apache.catalina.core.ApplicationContext.log SessionListener: contextInitialized()
18-Jul-2022 22:41:26.091 INFO [main] org.apache.catalina.core.ApplicationContext.log ContextListener: attributeAdded('StockTicker', 'async.Stockticker@4c168660')
18-Jul-2022 22:41:44.954 INFO [main] org.apache.catalina.core.ApplicationContext.log SessionListener: contextDestroyed()
18-Jul-2022 22:41:44.954 INFO [main] org.apache.catalina.core.ApplicationContext.log ContextListener: contextDestroyed()
